<?xml version="1.0" encoding="UTF-8" ?>
<testsuite failures="0" time="0.148" errors="0" skipped="0" tests="3" name="de.userprompt.InConditionTest">
  <properties>
[...]
</properties>
  <testcase time="0.11" classname="de.userprompt.InConditionTest" name="testInConditionWithFilledList"/>
  <testcase time="0.011" classname="de.userprompt.InConditionTest" name="testInConditionWithEmptyList"/>
  <testcase time="0.012" classname="de.userprompt.InConditionTest" name="testInConditionWithNullList"/>
</testsuite>